{"E:\\Projects\\10x-cards\\src\\lib\\services\\flashcard.service.ts": {"path":"E:\\Projects\\10x-cards\\src\\lib\\services\\flashcard.service.ts","statementMap":{"0":{"start":{"line":27,"column":22},"end":{"line":27,"column":48}},"1":{"start":{"line":53,"column":40},"end":{"line":59,"column":null}},"2":{"start":{"line":62,"column":39},"end":{"line":62,"column":null}},"3":{"start":{"line":65,"column":4},"end":{"line":67,"column":null}},"4":{"start":{"line":66,"column":6},"end":{"line":66,"column":null}},"5":{"start":{"line":71,"column":41},"end":{"line":71,"column":null}},"6":{"start":{"line":72,"column":4},"end":{"line":72,"column":null}},"7":{"start":{"line":99,"column":39},"end":{"line":107,"column":null}},"8":{"start":{"line":110,"column":4},"end":{"line":115,"column":null}},"9":{"start":{"line":111,"column":6},"end":{"line":113,"column":null}},"10":{"start":{"line":112,"column":8},"end":{"line":112,"column":null}},"11":{"start":{"line":114,"column":6},"end":{"line":114,"column":null}},"12":{"start":{"line":119,"column":41},"end":{"line":119,"column":null}},"13":{"start":{"line":120,"column":4},"end":{"line":120,"column":null}},"14":{"start":{"line":133,"column":39},"end":{"line":137,"column":null}},"15":{"start":{"line":139,"column":4},"end":{"line":144,"column":null}},"16":{"start":{"line":140,"column":6},"end":{"line":142,"column":null}},"17":{"start":{"line":141,"column":8},"end":{"line":141,"column":null}},"18":{"start":{"line":143,"column":6},"end":{"line":143,"column":null}},"19":{"start":{"line":148,"column":41},"end":{"line":148,"column":null}},"20":{"start":{"line":149,"column":4},"end":{"line":149,"column":null}},"21":{"start":{"line":164,"column":28},"end":{"line":164,"column":null}},"22":{"start":{"line":167,"column":4},"end":{"line":169,"column":null}},"23":{"start":{"line":168,"column":6},"end":{"line":168,"column":null}},"24":{"start":{"line":175,"column":4},"end":{"line":177,"column":null}},"25":{"start":{"line":176,"column":6},"end":{"line":176,"column":null}},"26":{"start":{"line":209,"column":42},"end":{"line":215,"column":null}},"27":{"start":{"line":209,"column":68},"end":{"line":215,"column":6}},"28":{"start":{"line":218,"column":47},"end":{"line":218,"column":null}},"29":{"start":{"line":221,"column":4},"end":{"line":223,"column":null}},"30":{"start":{"line":222,"column":6},"end":{"line":222,"column":null}},"31":{"start":{"line":226,"column":4},"end":{"line":230,"column":null}},"32":{"start":{"line":228,"column":43},"end":{"line":228,"column":null}},"33":{"start":{"line":229,"column":6},"end":{"line":229,"column":null}},"34":{"start":{"line":266,"column":16},"end":{"line":266,"column":null}},"35":{"start":{"line":269,"column":4},"end":{"line":272,"column":null}},"36":{"start":{"line":270,"column":28},"end":{"line":270,"column":null}},"37":{"start":{"line":271,"column":6},"end":{"line":271,"column":null}},"38":{"start":{"line":275,"column":4},"end":{"line":277,"column":null}},"39":{"start":{"line":276,"column":6},"end":{"line":276,"column":null}},"40":{"start":{"line":280,"column":4},"end":{"line":280,"column":null}},"41":{"start":{"line":283,"column":10},"end":{"line":283,"column":null}},"42":{"start":{"line":284,"column":4},"end":{"line":284,"column":null}},"43":{"start":{"line":287,"column":35},"end":{"line":287,"column":null}},"44":{"start":{"line":290,"column":4},"end":{"line":292,"column":null}},"45":{"start":{"line":291,"column":6},"end":{"line":291,"column":null}},"46":{"start":{"line":295,"column":10},"end":{"line":299,"column":null}},"47":{"start":{"line":297,"column":43},"end":{"line":297,"column":null}},"48":{"start":{"line":298,"column":6},"end":{"line":298,"column":null}},"49":{"start":{"line":302,"column":4},"end":{"line":305,"column":null}}},"fnMap":{"0":{"name":"(anonymous_0)","decl":{"start":{"line":27,"column":2},"end":{"line":27,"column":22}},"loc":{"start":{"line":27,"column":48},"end":{"line":27,"column":null}},"line":27},"1":{"name":"(anonymous_1)","decl":{"start":{"line":51,"column":8},"end":{"line":51,"column":30}},"loc":{"start":{"line":51,"column":97},"end":{"line":73,"column":null}},"line":51},"2":{"name":"(anonymous_2)","decl":{"start":{"line":97,"column":8},"end":{"line":97,"column":24}},"loc":{"start":{"line":97,"column":96},"end":{"line":121,"column":null}},"line":97},"3":{"name":"(anonymous_3)","decl":{"start":{"line":132,"column":8},"end":{"line":132,"column":21}},"loc":{"start":{"line":132,"column":65},"end":{"line":150,"column":null}},"line":132},"4":{"name":"(anonymous_4)","decl":{"start":{"line":162,"column":8},"end":{"line":162,"column":24}},"loc":{"start":{"line":162,"column":60},"end":{"line":178,"column":null}},"line":162},"5":{"name":"(anonymous_5)","decl":{"start":{"line":203,"column":8},"end":{"line":203,"column":null}},"loc":{"start":{"line":207,"column":29},"end":{"line":231,"column":null}},"line":207},"6":{"name":"(anonymous_6)","decl":{"start":{"line":209,"column":57},"end":{"line":209,"column":58}},"loc":{"start":{"line":209,"column":68},"end":{"line":215,"column":6}},"line":209},"7":{"name":"(anonymous_7)","decl":{"start":{"line":226,"column":33},"end":{"line":226,"column":34}},"loc":{"start":{"line":226,"column":48},"end":{"line":230,"column":5}},"line":226},"8":{"name":"(anonymous_8)","decl":{"start":{"line":261,"column":8},"end":{"line":261,"column":null}},"loc":{"start":{"line":264,"column":60},"end":{"line":306,"column":null}},"line":264},"9":{"name":"(anonymous_9)","decl":{"start":{"line":295,"column":40},"end":{"line":295,"column":41}},"loc":{"start":{"line":295,"column":55},"end":{"line":299,"column":5}},"line":295}},"branchMap":{"0":{"loc":{"start":{"line":65,"column":4},"end":{"line":67,"column":null}},"type":"if","locations":[{"start":{"line":65,"column":4},"end":{"line":67,"column":null}},{"start":{},"end":{}}],"line":65},"1":{"loc":{"start":{"line":110,"column":4},"end":{"line":115,"column":null}},"type":"if","locations":[{"start":{"line":110,"column":4},"end":{"line":115,"column":null}},{"start":{},"end":{}}],"line":110},"2":{"loc":{"start":{"line":111,"column":6},"end":{"line":113,"column":null}},"type":"if","locations":[{"start":{"line":111,"column":6},"end":{"line":113,"column":null}},{"start":{},"end":{}}],"line":111},"3":{"loc":{"start":{"line":139,"column":4},"end":{"line":144,"column":null}},"type":"if","locations":[{"start":{"line":139,"column":4},"end":{"line":144,"column":null}},{"start":{},"end":{}}],"line":139},"4":{"loc":{"start":{"line":140,"column":6},"end":{"line":142,"column":null}},"type":"if","locations":[{"start":{"line":140,"column":6},"end":{"line":142,"column":null}},{"start":{},"end":{}}],"line":140},"5":{"loc":{"start":{"line":167,"column":4},"end":{"line":169,"column":null}},"type":"if","locations":[{"start":{"line":167,"column":4},"end":{"line":169,"column":null}},{"start":{},"end":{}}],"line":167},"6":{"loc":{"start":{"line":175,"column":4},"end":{"line":177,"column":null}},"type":"if","locations":[{"start":{"line":175,"column":4},"end":{"line":177,"column":null}},{"start":{},"end":{}}],"line":175},"7":{"loc":{"start":{"line":175,"column":8},"end":{"line":175,"column":36}},"type":"binary-expr","locations":[{"start":{"line":175,"column":8},"end":{"line":175,"column":17}},{"start":{"line":175,"column":17},"end":{"line":175,"column":36}}],"line":175},"8":{"loc":{"start":{"line":221,"column":4},"end":{"line":223,"column":null}},"type":"if","locations":[{"start":{"line":221,"column":4},"end":{"line":223,"column":null}},{"start":{},"end":{}}],"line":221},"9":{"loc":{"start":{"line":269,"column":4},"end":{"line":272,"column":null}},"type":"if","locations":[{"start":{"line":269,"column":4},"end":{"line":272,"column":null}},{"start":{},"end":{}}],"line":269},"10":{"loc":{"start":{"line":275,"column":4},"end":{"line":277,"column":null}},"type":"if","locations":[{"start":{"line":275,"column":4},"end":{"line":277,"column":null}},{"start":{},"end":{}}],"line":275},"11":{"loc":{"start":{"line":290,"column":4},"end":{"line":292,"column":null}},"type":"if","locations":[{"start":{"line":290,"column":4},"end":{"line":292,"column":null}},{"start":{},"end":{}}],"line":290},"12":{"loc":{"start":{"line":295,"column":24},"end":{"line":295,"column":36}},"type":"binary-expr","locations":[{"start":{"line":295,"column":24},"end":{"line":295,"column":32}},{"start":{"line":295,"column":32},"end":{"line":295,"column":36}}],"line":295},"13":{"loc":{"start":{"line":304,"column":13},"end":{"line":304,"column":null}},"type":"binary-expr","locations":[{"start":{"line":304,"column":13},"end":{"line":304,"column":22}},{"start":{"line":304,"column":22},"end":{"line":304,"column":null}}],"line":304}},"s":{"0":29,"1":0,"2":0,"3":0,"4":0,"5":0,"6":0,"7":0,"8":0,"9":0,"10":0,"11":0,"12":0,"13":0,"14":0,"15":0,"16":0,"17":0,"18":0,"19":0,"20":0,"21":0,"22":0,"23":0,"24":0,"25":0,"26":0,"27":0,"28":0,"29":0,"30":0,"31":0,"32":0,"33":0,"34":29,"35":29,"36":6,"37":6,"38":29,"39":5,"40":29,"41":29,"42":29,"43":29,"44":29,"45":2,"46":27,"47":6,"48":6,"49":29},"f":{"0":29,"1":0,"2":0,"3":0,"4":0,"5":0,"6":0,"7":0,"8":29,"9":6},"b":{"0":[0,0],"1":[0,0],"2":[0,0],"3":[0,0],"4":[0,0],"5":[0,0],"6":[0,0],"7":[0,0],"8":[0,0],"9":[6,23],"10":[5,24],"11":[2,27],"12":[27,1],"13":[29,24]},"meta":{"lastBranch":14,"lastFunction":10,"lastStatement":50,"seen":{"f:27:2:27:22":0,"s:27:22:27:48":0,"f:51:8:51:30":1,"s:53:40:59:Infinity":1,"s:62:39:62:Infinity":2,"b:65:4:67:Infinity:undefined:undefined:undefined:undefined":0,"s:65:4:67:Infinity":3,"s:66:6:66:Infinity":4,"s:71:41:71:Infinity":5,"s:72:4:72:Infinity":6,"f:97:8:97:24":2,"s:99:39:107:Infinity":7,"b:110:4:115:Infinity:undefined:undefined:undefined:undefined":1,"s:110:4:115:Infinity":8,"b:111:6:113:Infinity:undefined:undefined:undefined:undefined":2,"s:111:6:113:Infinity":9,"s:112:8:112:Infinity":10,"s:114:6:114:Infinity":11,"s:119:41:119:Infinity":12,"s:120:4:120:Infinity":13,"f:132:8:132:21":3,"s:133:39:137:Infinity":14,"b:139:4:144:Infinity:undefined:undefined:undefined:undefined":3,"s:139:4:144:Infinity":15,"b:140:6:142:Infinity:undefined:undefined:undefined:undefined":4,"s:140:6:142:Infinity":16,"s:141:8:141:Infinity":17,"s:143:6:143:Infinity":18,"s:148:41:148:Infinity":19,"s:149:4:149:Infinity":20,"f:162:8:162:24":4,"s:164:28:164:Infinity":21,"b:167:4:169:Infinity:undefined:undefined:undefined:undefined":5,"s:167:4:169:Infinity":22,"s:168:6:168:Infinity":23,"b:175:4:177:Infinity:undefined:undefined:undefined:undefined":6,"s:175:4:177:Infinity":24,"b:175:8:175:17:175:17:175:36":7,"s:176:6:176:Infinity":25,"f:203:8:203:Infinity":5,"s:209:42:215:Infinity":26,"f:209:57:209:58":6,"s:209:68:215:6":27,"s:218:47:218:Infinity":28,"b:221:4:223:Infinity:undefined:undefined:undefined:undefined":8,"s:221:4:223:Infinity":29,"s:222:6:222:Infinity":30,"s:226:4:230:Infinity":31,"f:226:33:226:34":7,"s:228:43:228:Infinity":32,"s:229:6:229:Infinity":33,"f:261:8:261:Infinity":8,"s:266:16:266:Infinity":34,"b:269:4:272:Infinity:undefined:undefined:undefined:undefined":9,"s:269:4:272:Infinity":35,"s:270:28:270:Infinity":36,"s:271:6:271:Infinity":37,"b:275:4:277:Infinity:undefined:undefined:undefined:undefined":10,"s:275:4:277:Infinity":38,"s:276:6:276:Infinity":39,"s:280:4:280:Infinity":40,"s:283:10:283:Infinity":41,"s:284:4:284:Infinity":42,"s:287:35:287:Infinity":43,"b:290:4:292:Infinity:undefined:undefined:undefined:undefined":11,"s:290:4:292:Infinity":44,"s:291:6:291:Infinity":45,"s:295:10:299:Infinity":46,"b:295:24:295:32:295:32:295:36":12,"f:295:40:295:41":9,"s:297:43:297:Infinity":47,"s:298:6:298:Infinity":48,"s:302:4:305:Infinity":49,"b:304:13:304:22:304:22:304:Infinity":13}}}
,"E:\\Projects\\10x-cards\\src\\lib\\services\\openrouter.service.ts": {"path":"E:\\Projects\\10x-cards\\src\\lib\\services\\openrouter.service.ts","statementMap":{"0":{"start":{"line":36,"column":22},"end":{"line":36,"column":48}},"1":{"start":{"line":43,"column":4},"end":{"line":43,"column":null}},"2":{"start":{"line":70,"column":23},"end":{"line":70,"column":null}},"3":{"start":{"line":71,"column":22},"end":{"line":71,"column":null}},"4":{"start":{"line":71,"column":39},"end":{"line":71,"column":59}},"5":{"start":{"line":73,"column":4},"end":{"line":115,"column":null}},"6":{"start":{"line":74,"column":23},"end":{"line":96,"column":null}},"7":{"start":{"line":98,"column":6},"end":{"line":98,"column":null}},"8":{"start":{"line":100,"column":6},"end":{"line":103,"column":null}},"9":{"start":{"line":101,"column":26},"end":{"line":101,"column":null}},"10":{"start":{"line":101,"column":60},"end":{"line":101,"column":75}},"11":{"start":{"line":102,"column":8},"end":{"line":102,"column":null}},"12":{"start":{"line":105,"column":19},"end":{"line":105,"column":null}},"13":{"start":{"line":106,"column":6},"end":{"line":106,"column":null}},"14":{"start":{"line":108,"column":6},"end":{"line":108,"column":null}},"15":{"start":{"line":110,"column":6},"end":{"line":112,"column":null}},"16":{"start":{"line":111,"column":8},"end":{"line":111,"column":null}},"17":{"start":{"line":114,"column":6},"end":{"line":114,"column":null}},"18":{"start":{"line":127,"column":22},"end":{"line":127,"column":null}},"19":{"start":{"line":128,"column":20},"end":{"line":128,"column":null}},"20":{"start":{"line":130,"column":4},"end":{"line":132,"column":null}},"21":{"start":{"line":131,"column":6},"end":{"line":131,"column":null}},"22":{"start":{"line":135,"column":20},"end":{"line":135,"column":null}},"23":{"start":{"line":136,"column":20},"end":{"line":136,"column":null}},"24":{"start":{"line":140,"column":4},"end":{"line":144,"column":null}},"25":{"start":{"line":141,"column":6},"end":{"line":141,"column":null}},"26":{"start":{"line":143,"column":6},"end":{"line":143,"column":null}},"27":{"start":{"line":147,"column":4},"end":{"line":149,"column":null}},"28":{"start":{"line":148,"column":6},"end":{"line":148,"column":null}},"29":{"start":{"line":152,"column":43},"end":{"line":161,"column":null}},"30":{"start":{"line":153,"column":6},"end":{"line":155,"column":null}},"31":{"start":{"line":154,"column":8},"end":{"line":154,"column":null}},"32":{"start":{"line":157,"column":6},"end":{"line":160,"column":null}},"33":{"start":{"line":164,"column":4},"end":{"line":166,"column":null}},"34":{"start":{"line":168,"column":4},"end":{"line":168,"column":null}}},"fnMap":{"0":{"name":"(anonymous_0)","decl":{"start":{"line":36,"column":2},"end":{"line":36,"column":22}},"loc":{"start":{"line":36,"column":48},"end":{"line":36,"column":null}},"line":36},"1":{"name":"(anonymous_1)","decl":{"start":{"line":42,"column":10},"end":{"line":42,"column":39}},"loc":{"start":{"line":42,"column":39},"end":{"line":61,"column":null}},"line":42},"2":{"name":"(anonymous_2)","decl":{"start":{"line":69,"column":8},"end":{"line":69,"column":27}},"loc":{"start":{"line":69,"column":93},"end":{"line":116,"column":null}},"line":69},"3":{"name":"(anonymous_3)","decl":{"start":{"line":71,"column":33},"end":{"line":71,"column":39}},"loc":{"start":{"line":71,"column":39},"end":{"line":71,"column":59}},"line":71},"4":{"name":"(anonymous_4)","decl":{"start":{"line":101,"column":54},"end":{"line":101,"column":60}},"loc":{"start":{"line":101,"column":60},"end":{"line":101,"column":75}},"line":101},"5":{"name":"(anonymous_5)","decl":{"start":{"line":125,"column":10},"end":{"line":125,"column":24}},"loc":{"start":{"line":125,"column":83},"end":{"line":169,"column":null}},"line":125},"6":{"name":"(anonymous_6)","decl":{"start":{"line":152,"column":65},"end":{"line":152,"column":66}},"loc":{"start":{"line":152,"column":100},"end":{"line":161,"column":5}},"line":152}},"branchMap":{"0":{"loc":{"start":{"line":100,"column":6},"end":{"line":103,"column":null}},"type":"if","locations":[{"start":{"line":100,"column":6},"end":{"line":103,"column":null}},{"start":{},"end":{}}],"line":100},"1":{"loc":{"start":{"line":110,"column":6},"end":{"line":112,"column":null}},"type":"if","locations":[{"start":{"line":110,"column":6},"end":{"line":112,"column":null}},{"start":{},"end":{}}],"line":110},"2":{"loc":{"start":{"line":110,"column":10},"end":{"line":110,"column":65}},"type":"binary-expr","locations":[{"start":{"line":110,"column":10},"end":{"line":110,"column":36}},{"start":{"line":110,"column":36},"end":{"line":110,"column":65}}],"line":110},"3":{"loc":{"start":{"line":130,"column":4},"end":{"line":132,"column":null}},"type":"if","locations":[{"start":{"line":130,"column":4},"end":{"line":132,"column":null}},{"start":{},"end":{}}],"line":130},"4":{"loc":{"start":{"line":130,"column":8},"end":{"line":130,"column":56}},"type":"binary-expr","locations":[{"start":{"line":130,"column":8},"end":{"line":130,"column":20}},{"start":{"line":130,"column":20},"end":{"line":130,"column":35}},{"start":{"line":130,"column":35},"end":{"line":130,"column":56}}],"line":130},"5":{"loc":{"start":{"line":147,"column":4},"end":{"line":149,"column":null}},"type":"if","locations":[{"start":{"line":147,"column":4},"end":{"line":149,"column":null}},{"start":{},"end":{}}],"line":147},"6":{"loc":{"start":{"line":147,"column":8},"end":{"line":147,"column":65}},"type":"binary-expr","locations":[{"start":{"line":147,"column":8},"end":{"line":147,"column":30}},{"start":{"line":147,"column":30},"end":{"line":147,"column":65}}],"line":147},"7":{"loc":{"start":{"line":153,"column":6},"end":{"line":155,"column":null}},"type":"if","locations":[{"start":{"line":153,"column":6},"end":{"line":155,"column":null}},{"start":{},"end":{}}],"line":153},"8":{"loc":{"start":{"line":153,"column":10},"end":{"line":153,"column":37}},"type":"binary-expr","locations":[{"start":{"line":153,"column":10},"end":{"line":153,"column":25}},{"start":{"line":153,"column":25},"end":{"line":153,"column":37}}],"line":153},"9":{"loc":{"start":{"line":164,"column":4},"end":{"line":166,"column":null}},"type":"if","locations":[{"start":{"line":164,"column":4},"end":{"line":166,"column":null}},{"start":{},"end":{}}],"line":164}},"s":{"0":25,"1":25,"2":25,"3":25,"4":1,"5":25,"6":25,"7":23,"8":23,"9":4,"10":1,"11":4,"12":19,"13":18,"14":16,"15":16,"16":1,"17":15,"18":18,"19":18,"20":18,"21":3,"22":15,"23":15,"24":15,"25":15,"26":1,"27":14,"28":2,"29":12,"30":14,"31":3,"32":11,"33":12,"34":9},"f":{"0":25,"1":25,"2":25,"3":1,"4":1,"5":18,"6":14},"b":{"0":[4,19],"1":[1,15],"2":[16,16],"3":[3,15],"4":[18,17,16],"5":[2,12],"6":[14,13],"7":[3,11],"8":[14,13],"9":[9,3]},"meta":{"lastBranch":10,"lastFunction":7,"lastStatement":35,"seen":{"f:36:2:36:22":0,"s:36:22:36:48":0,"f:42:10:42:39":1,"s:43:4:43:Infinity":1,"f:69:8:69:27":2,"s:70:23:70:Infinity":2,"s:71:22:71:Infinity":3,"f:71:33:71:39":3,"s:71:39:71:59":4,"s:73:4:115:Infinity":5,"s:74:23:96:Infinity":6,"s:98:6:98:Infinity":7,"b:100:6:103:Infinity:undefined:undefined:undefined:undefined":0,"s:100:6:103:Infinity":8,"s:101:26:101:Infinity":9,"f:101:54:101:60":4,"s:101:60:101:75":10,"s:102:8:102:Infinity":11,"s:105:19:105:Infinity":12,"s:106:6:106:Infinity":13,"s:108:6:108:Infinity":14,"b:110:6:112:Infinity:undefined:undefined:undefined:undefined":1,"s:110:6:112:Infinity":15,"b:110:10:110:36:110:36:110:65":2,"s:111:8:111:Infinity":16,"s:114:6:114:Infinity":17,"f:125:10:125:24":5,"s:127:22:127:Infinity":18,"s:128:20:128:Infinity":19,"b:130:4:132:Infinity:undefined:undefined:undefined:undefined":3,"s:130:4:132:Infinity":20,"b:130:8:130:20:130:20:130:35:130:35:130:56":4,"s:131:6:131:Infinity":21,"s:135:20:135:Infinity":22,"s:136:20:136:Infinity":23,"s:140:4:144:Infinity":24,"s:141:6:141:Infinity":25,"s:143:6:143:Infinity":26,"b:147:4:149:Infinity:undefined:undefined:undefined:undefined":5,"s:147:4:149:Infinity":27,"b:147:8:147:30:147:30:147:65":6,"s:148:6:148:Infinity":28,"s:152:43:161:Infinity":29,"f:152:65:152:66":6,"b:153:6:155:Infinity:undefined:undefined:undefined:undefined":7,"s:153:6:155:Infinity":30,"b:153:10:153:25:153:25:153:37":8,"s:154:8:154:Infinity":31,"s:157:6:160:Infinity":32,"b:164:4:166:Infinity:undefined:undefined:undefined:undefined":9,"s:164:4:166:Infinity":33,"s:168:4:168:Infinity":34}}}
}
